<?xml version="1.0" encoding="UTF-8"?>
<!-- Generated by org.testng.reporters.JUnitXMLReporter -->
<testsuite ignored="0" hostname="KLM1-MHORVAT" failures="0" tests="4" name="User API tests" time="4.169" errors="0" timestamp="29 Jan. 2020 19:09:42 GMT">
  <testcase classname="com.d2l.brightspace.pulse.carina.demo.APISampleTest" name="testCreateUser" time="2.474"/>
  <testcase classname="com.d2l.brightspace.pulse.carina.demo.APISampleTest" name="testCreateUserMissingSomeFields" time="0.313"/>
  <testcase classname="com.d2l.brightspace.pulse.carina.demo.APISampleTest" name="testDeleteUsers" time="0.432"/>
  <testcase classname="com.d2l.brightspace.pulse.carina.demo.APISampleTest" name="testGetUsers" time="0.837"/>
</testsuite> <!-- User API tests -->
