<?xml version="1.0" encoding="UTF-8"?>
<testsuite xmlns:xsi="http://www.w3.org/2001/XMLSchema-instance" xsi:noNamespaceSchemaLocation="https://maven.apache.org/surefire/maven-surefire-plugin/xsd/surefire-test-report-3.0.xsd" version="3.0" name="TestSuite" time="5.846" tests="4" errors="0" skipped="0" failures="0">
  <properties>
[...]
</properties>
  <testcase name="testCreateUser" classname="com.d2l.brightspace.pulse.carina.demo.APISampleTest" time="2.477"/>
  <testcase name="testCreateUserMissingSomeFields" classname="com.d2l.brightspace.pulse.carina.demo.APISampleTest" time="0.313"/>
  <testcase name="testDeleteUsers" classname="com.d2l.brightspace.pulse.carina.demo.APISampleTest" time="0.431"/>
  <testcase name="testGetUsers" classname="com.d2l.brightspace.pulse.carina.demo.APISampleTest" time="0.837"/>
</testsuite>