<?xml version="1.0" encoding="UTF-8"?>
<testng-results ignored="0" total="4" passed="4" failed="0" skipped="0">
  <reporter-output>
  </reporter-output>
  <suite started-at="2020-01-29T19:09:38Z" name="Carina Demo Tests - API Sample" finished-at="2020-01-29T19:09:42Z" duration-ms="4169">
    <groups>
    </groups>
    <test started-at="2020-01-29T19:09:38Z" name="User API tests" finished-at="2020-01-29T19:09:42Z" duration-ms="4169">
      <class name="com.d2l.brightspace.pulse.carina.demo.APISampleTest">
        <test-method signature="testCreateUser()[pri:0, instance:com.d2l.brightspace.pulse.carina.demo.APISampleTest@49889154]" started-at="2020-01-29T19:09:38Z" name="testCreateUser" description="JIRA#DEMO-0001" finished-at="2020-01-29T19:09:40Z" duration-ms="2474" status="PASS">
          <reporter-output>
          </reporter-output>
        </test-method> <!-- testCreateUser -->
        <test-method signature="testCreateUserMissingSomeFields()[pri:0, instance:com.d2l.brightspace.pulse.carina.demo.APISampleTest@49889154]" started-at="2020-01-29T19:09:40Z" name="testCreateUserMissingSomeFields" description="JIRA#DEMO-0002" finished-at="2020-01-29T19:09:41Z" duration-ms="313" status="PASS">
          <reporter-output>
          </reporter-output>
        </test-method> <!-- testCreateUserMissingSomeFields -->
        <test-method signature="testDeleteUsers()[pri:0, instance:com.d2l.brightspace.pulse.carina.demo.APISampleTest@49889154]" started-at="2020-01-29T19:09:41Z" name="testDeleteUsers" description="JIRA#DEMO-0004" finished-at="2020-01-29T19:09:41Z" duration-ms="432" status="PASS">
          <reporter-output>
          </reporter-output>
        </test-method> <!-- testDeleteUsers -->
        <test-method signature="testGetUsers()[pri:0, instance:com.d2l.brightspace.pulse.carina.demo.APISampleTest@49889154]" started-at="2020-01-29T19:09:41Z" name="testGetUsers" description="JIRA#DEMO-0003" finished-at="2020-01-29T19:09:42Z" duration-ms="837" status="PASS">
          <reporter-output>
          </reporter-output>
        </test-method> <!-- testGetUsers -->
      </class> <!-- com.d2l.brightspace.pulse.carina.demo.APISampleTest -->
    </test> <!-- User API tests -->
  </suite> <!-- Carina Demo Tests - API Sample -->
</testng-results>
